Using pre-set license

 COMMAND LINE ARGUMENTS:
/Users/sapelkinav/code/games/2020.3.7f1/Unity.app/Contents/MacOS/Unity
-adb2
-batchMode
-noUpm
-name
AssetImportWorker0
-projectPath
/Users/sapelkinav/code/games/Platformer
-logFile
Logs/AssetImportWorker0.log
-srvPort
55287
Successfully changed project path to: /Users/sapelkinav/code/games/Platformer
/Users/sapelkinav/code/games/Platformer
Using Asset Import Pipeline V2.
Refreshing native plugins compatible for Editor in 47.42 ms, found 3 plugins.
Preloading 0 native plugins for Editor in 0.00 ms.
Initialize engine version: 2020.3.7f1 (dd97f2c94397)
[Subsystems] Discovering subsystems at path /Users/sapelkinav/code/games/2020.3.7f1/Unity.app/Contents/Resources/UnitySubsystems
[Subsystems] Discovering subsystems at path /Users/sapelkinav/code/games/Platformer/Assets
GfxDevice: creating device client; threaded=0
2021-05-09 16:26:11.277 Unity[8811:406948] C27FG7x preferred device: AMD Radeon RX 5700 XT (high power)
2021-05-09 16:26:11.277 Unity[8811:406948] Metal devices available: 1
2021-05-09 16:26:11.277 Unity[8811:406948] 0: AMD Radeon RX 5700 XT (high power)
2021-05-09 16:26:11.278 Unity[8811:406948] Using device AMD Radeon RX 5700 XT (high power)
Initializing Metal device caps: AMD Radeon RX 5700 XT
Initialize mono
Mono path[0] = '/Users/sapelkinav/code/games/2020.3.7f1/Unity.app/Contents/Managed'
Mono path[1] = '/Users/sapelkinav/code/games/2020.3.7f1/Unity.app/Contents/MonoBleedingEdge/lib/mono/unityjit'
Mono config path = '/Users/sapelkinav/code/games/2020.3.7f1/Unity.app/Contents/MonoBleedingEdge/etc'
Using monoOptions --debugger-agent=transport=dt_socket,embedding=1,server=y,suspend=n,address=127.0.0.1:56811
Begin MonoManager ReloadAssembly
Registering precompiled unity dll's ...
Register platform support module: /Users/sapelkinav/code/games/2020.3.7f1/Unity.app/Contents/PlaybackEngines/MacStandaloneSupport/UnityEditor.OSXStandalone.Extensions.dll
Registered in 0.000465 seconds.
Native extension for OSXStandalone target not found
Refreshing native plugins compatible for Editor in 41.84 ms, found 3 plugins.
Preloading 0 native plugins for Editor in 0.00 ms.
Mono: successfully reloaded assembly
- Completed reload, in  2.163 seconds
Platform modules already initialized, skipping
Registering precompiled user dll's ...
Registered in 0.006141 seconds.
Begin MonoManager ReloadAssembly
Native extension for OSXStandalone target not found
Refreshing native plugins compatible for Editor in 39.60 ms, found 3 plugins.
Preloading 0 native plugins for Editor in 0.00 ms.
Mono: successfully reloaded assembly
- Completed reload, in  1.152 seconds
Platform modules already initialized, skipping
========================================================================
Worker process is ready to serve import requests
Launching external process: /Users/sapelkinav/code/games/2020.3.7f1/Unity.app/Contents/Tools/UnityShaderCompiler
Launched and connected shader compiler UnityShaderCompiler after 0.01 seconds
Refreshing native plugins compatible for Editor in 0.42 ms, found 3 plugins.
Preloading 0 native plugins for Editor in 0.00 ms.
Unloading 1828 Unused Serialized files (Serialized files now loaded: 0)
System memory in use before: 148.8 MB.
System memory in use after: 148.8 MB.

Unloading 41 unused Assets to reduce memory usage. Loaded Objects now: 2295.
Total: 2.028500 ms (FindLiveObjects: 0.178762 ms CreateObjectMapping: 0.071285 ms MarkObjects: 1.647520 ms  DeleteObjects: 0.129931 ms)

========================================================================
Received Import Request.
  path: Assets/Animation/p1_walk01.controller
  artifactKey: Guid(f15a0b7b0598045eba960b16f0b2f100) Importer(815301076,1909f56bfc062723c751e8b465ee728b)
Start importing Assets/Animation/p1_walk01.controller using Guid(f15a0b7b0598045eba960b16f0b2f100) Importer(815301076,1909f56bfc062723c751e8b465ee728b)  -> (artifact id: '8a59fbe74fae17d5dc741609e697090c') in 0.295494 seconds
  Import took 0.299472 seconds .

========================================================================
Received Import Request.
  Time since last request: 30.697171 seconds.
  path: Assets/Animation/p1walk.anim
  artifactKey: Guid(d5c52cdf5e1fa4344a39aa2656c90d6d) Importer(815301076,1909f56bfc062723c751e8b465ee728b)
Start importing Assets/Animation/p1walk.anim using Guid(d5c52cdf5e1fa4344a39aa2656c90d6d) Importer(815301076,1909f56bfc062723c751e8b465ee728b)  -> (artifact id: '0a2ea9168f74be2b2fa473cd304288ed') in 0.136402 seconds
  Import took 0.139211 seconds .

========================================================================
Received Prepare
Registering precompiled user dll's ...
Registered in 0.004260 seconds.
Begin MonoManager ReloadAssembly
Native extension for OSXStandalone target not found
Refreshing native plugins compatible for Editor in 0.45 ms, found 3 plugins.
Preloading 0 native plugins for Editor in 0.00 ms.
Mono: successfully reloaded assembly
- Completed reload, in  1.030 seconds
Platform modules already initialized, skipping
Refreshing native plugins compatible for Editor in 0.42 ms, found 3 plugins.
Preloading 0 native plugins for Editor in 0.00 ms.
Unloading 1823 Unused Serialized files (Serialized files now loaded: 0)
System memory in use before: 157.6 MB.
System memory in use after: 157.6 MB.

Unloading 29 unused Assets to reduce memory usage. Loaded Objects now: 2299.
Total: 1.883335 ms (FindLiveObjects: 0.176403 ms CreateObjectMapping: 0.060147 ms MarkObjects: 1.552437 ms  DeleteObjects: 0.093443 ms)

========================================================================
Received Import Request.
  Time since last request: 29.709540 seconds.
  path: Assets/Animation/p1_walk01.controller
  artifactKey: Guid(f15a0b7b0598045eba960b16f0b2f100) Importer(815301076,1909f56bfc062723c751e8b465ee728b)
Start importing Assets/Animation/p1_walk01.controller using Guid(f15a0b7b0598045eba960b16f0b2f100) Importer(815301076,1909f56bfc062723c751e8b465ee728b)  -> (artifact id: '01d2ca2bb6637c9a4913e63748fc3c62') in 0.012799 seconds
  Import took 0.015578 seconds .

========================================================================
Received Prepare
Registering precompiled user dll's ...
Registered in 0.004326 seconds.
Begin MonoManager ReloadAssembly
Native extension for OSXStandalone target not found
Refreshing native plugins compatible for Editor in 0.45 ms, found 3 plugins.
Preloading 0 native plugins for Editor in 0.00 ms.
Mono: successfully reloaded assembly
- Completed reload, in  1.024 seconds
Platform modules already initialized, skipping
Refreshing native plugins compatible for Editor in 0.43 ms, found 3 plugins.
Preloading 0 native plugins for Editor in 0.00 ms.
Unloading 1823 Unused Serialized files (Serialized files now loaded: 0)
System memory in use before: 157.8 MB.
System memory in use after: 157.8 MB.

Unloading 29 unused Assets to reduce memory usage. Loaded Objects now: 2303.
Total: 1.766999 ms (FindLiveObjects: 0.169350 ms CreateObjectMapping: 0.065892 ms MarkObjects: 1.441453 ms  DeleteObjects: 0.089645 ms)

========================================================================
Received Prepare
Registering precompiled user dll's ...
Registered in 0.004274 seconds.
Begin MonoManager ReloadAssembly
Native extension for OSXStandalone target not found
Refreshing native plugins compatible for Editor in 0.44 ms, found 3 plugins.
Preloading 0 native plugins for Editor in 0.00 ms.
Mono: successfully reloaded assembly
- Completed reload, in  1.052 seconds
Platform modules already initialized, skipping
Refreshing native plugins compatible for Editor in 0.44 ms, found 3 plugins.
Preloading 0 native plugins for Editor in 0.00 ms.
Unloading 1823 Unused Serialized files (Serialized files now loaded: 0)
System memory in use before: 159.3 MB.
System memory in use after: 159.3 MB.

Unloading 29 unused Assets to reduce memory usage. Loaded Objects now: 2307.
Total: 1.840093 ms (FindLiveObjects: 0.186670 ms CreateObjectMapping: 0.062752 ms MarkObjects: 1.498294 ms  DeleteObjects: 0.091621 ms)

========================================================================
Received Import Request.
  Time since last request: 1429.254407 seconds.
  path: Assets/Animation/p1_walk01.controller
  artifactKey: Guid(f15a0b7b0598045eba960b16f0b2f100) Importer(815301076,1909f56bfc062723c751e8b465ee728b)
Start importing Assets/Animation/p1_walk01.controller using Guid(f15a0b7b0598045eba960b16f0b2f100) Importer(815301076,1909f56bfc062723c751e8b465ee728b)  -> (artifact id: '1671832b683bc843b8cad82ce0679974') in 0.012222 seconds
  Import took 0.014950 seconds .

========================================================================
Received Import Request.
  Time since last request: 0.028148 seconds.
  path: Assets/Animation/p1_walk01.controller
  artifactKey: Guid(f15a0b7b0598045eba960b16f0b2f100) Importer(815301076,1909f56bfc062723c751e8b465ee728b)
Start importing Assets/Animation/p1_walk01.controller using Guid(f15a0b7b0598045eba960b16f0b2f100) Importer(815301076,1909f56bfc062723c751e8b465ee728b)  -> (artifact id: '1671832b683bc843b8cad82ce0679974') in 0.001694 seconds
  Import took 0.004011 seconds .

========================================================================
Received Prepare
Registering precompiled user dll's ...
Registered in 0.002220 seconds.
Begin MonoManager ReloadAssembly
Native extension for OSXStandalone target not found
Refreshing native plugins compatible for Editor in 0.45 ms, found 3 plugins.
Preloading 0 native plugins for Editor in 0.00 ms.
Mono: successfully reloaded assembly
- Completed reload, in  1.061 seconds
Platform modules already initialized, skipping
Refreshing native plugins compatible for Editor in 0.44 ms, found 3 plugins.
Preloading 0 native plugins for Editor in 0.00 ms.
Unloading 1823 Unused Serialized files (Serialized files now loaded: 0)
System memory in use before: 159.6 MB.
System memory in use after: 159.5 MB.

Unloading 29 unused Assets to reduce memory usage. Loaded Objects now: 2311.
Total: 1.887032 ms (FindLiveObjects: 0.154285 ms CreateObjectMapping: 0.055502 ms MarkObjects: 1.575142 ms  DeleteObjects: 0.101183 ms)

========================================================================
Received Prepare
Registering precompiled user dll's ...
Registered in 0.004430 seconds.
Begin MonoManager ReloadAssembly
Native extension for OSXStandalone target not found
Refreshing native plugins compatible for Editor in 0.43 ms, found 3 plugins.
Preloading 0 native plugins for Editor in 0.00 ms.
Mono: successfully reloaded assembly
- Completed reload, in  1.007 seconds
Platform modules already initialized, skipping
Refreshing native plugins compatible for Editor in 0.44 ms, found 3 plugins.
Preloading 0 native plugins for Editor in 0.00 ms.
Unloading 1823 Unused Serialized files (Serialized files now loaded: 0)
System memory in use before: 159.8 MB.
System memory in use after: 159.8 MB.

Unloading 29 unused Assets to reduce memory usage. Loaded Objects now: 2315.
Total: 1.864666 ms (FindLiveObjects: 0.194214 ms CreateObjectMapping: 0.067374 ms MarkObjects: 1.503106 ms  DeleteObjects: 0.099151 ms)

========================================================================
Received Prepare
Registering precompiled user dll's ...
Registered in 0.004320 seconds.
Begin MonoManager ReloadAssembly
Native extension for OSXStandalone target not found
Refreshing native plugins compatible for Editor in 0.46 ms, found 3 plugins.
Preloading 0 native plugins for Editor in 0.00 ms.
Mono: successfully reloaded assembly
- Completed reload, in  1.043 seconds
Platform modules already initialized, skipping
Refreshing native plugins compatible for Editor in 0.43 ms, found 3 plugins.
Preloading 0 native plugins for Editor in 0.00 ms.
Unloading 1823 Unused Serialized files (Serialized files now loaded: 0)
System memory in use before: 160.0 MB.
System memory in use after: 159.9 MB.

Unloading 29 unused Assets to reduce memory usage. Loaded Objects now: 2319.
Total: 1.774399 ms (FindLiveObjects: 0.178405 ms CreateObjectMapping: 0.060192 ms MarkObjects: 1.440814 ms  DeleteObjects: 0.094176 ms)

========================================================================
Received Prepare
Registering precompiled user dll's ...
Registered in 0.004224 seconds.
Begin MonoManager ReloadAssembly
Native extension for OSXStandalone target not found
Refreshing native plugins compatible for Editor in 0.46 ms, found 3 plugins.
Preloading 0 native plugins for Editor in 0.00 ms.
Mono: successfully reloaded assembly
- Completed reload, in  1.077 seconds
Platform modules already initialized, skipping
Refreshing native plugins compatible for Editor in 0.44 ms, found 3 plugins.
Preloading 0 native plugins for Editor in 0.00 ms.
Unloading 1823 Unused Serialized files (Serialized files now loaded: 0)
System memory in use before: 160.2 MB.
System memory in use after: 160.2 MB.

Unloading 29 unused Assets to reduce memory usage. Loaded Objects now: 2323.
Total: 2.220358 ms (FindLiveObjects: 0.168647 ms CreateObjectMapping: 0.058960 ms MarkObjects: 1.878965 ms  DeleteObjects: 0.112410 ms)

========================================================================
Received Prepare
Registering precompiled user dll's ...
Registered in 0.004074 seconds.
Begin MonoManager ReloadAssembly
Native extension for OSXStandalone target not found
Refreshing native plugins compatible for Editor in 0.51 ms, found 3 plugins.
Preloading 0 native plugins for Editor in 0.00 ms.
Mono: successfully reloaded assembly
- Completed reload, in  1.038 seconds
Platform modules already initialized, skipping
Refreshing native plugins compatible for Editor in 0.43 ms, found 3 plugins.
Preloading 0 native plugins for Editor in 0.00 ms.
Unloading 1823 Unused Serialized files (Serialized files now loaded: 0)
System memory in use before: 160.4 MB.
System memory in use after: 160.4 MB.

Unloading 29 unused Assets to reduce memory usage. Loaded Objects now: 2327.
Total: 1.852580 ms (FindLiveObjects: 0.175435 ms CreateObjectMapping: 0.063759 ms MarkObjects: 1.514113 ms  DeleteObjects: 0.098518 ms)

========================================================================
Received Import Request.
  Time since last request: 463.928768 seconds.
  path: Assets/Animation/p1_walk01.controller
  artifactKey: Guid(f15a0b7b0598045eba960b16f0b2f100) Importer(815301076,1909f56bfc062723c751e8b465ee728b)
Start importing Assets/Animation/p1_walk01.controller using Guid(f15a0b7b0598045eba960b16f0b2f100) Importer(815301076,1909f56bfc062723c751e8b465ee728b)  -> (artifact id: '93219540b65c218b3401e10c5ecbc49b') in 0.011296 seconds
  Import took 0.014000 seconds .

========================================================================
Received Import Request.
  Time since last request: 0.002004 seconds.
  path: Assets/Animation/p1_walk01.controller
  artifactKey: Guid(f15a0b7b0598045eba960b16f0b2f100) Importer(815301076,1909f56bfc062723c751e8b465ee728b)
Start importing Assets/Animation/p1_walk01.controller using Guid(f15a0b7b0598045eba960b16f0b2f100) Importer(815301076,1909f56bfc062723c751e8b465ee728b)  -> (artifact id: '93219540b65c218b3401e10c5ecbc49b') in 0.001657 seconds
  Import took 0.004061 seconds .

========================================================================
Received Prepare
Registering precompiled user dll's ...
Registered in 0.002152 seconds.
Begin MonoManager ReloadAssembly
Native extension for OSXStandalone target not found
Refreshing native plugins compatible for Editor in 0.44 ms, found 3 plugins.
Preloading 0 native plugins for Editor in 0.00 ms.
Mono: successfully reloaded assembly
- Completed reload, in  1.033 seconds
Platform modules already initialized, skipping
Refreshing native plugins compatible for Editor in 0.44 ms, found 3 plugins.
Preloading 0 native plugins for Editor in 0.00 ms.
Unloading 1823 Unused Serialized files (Serialized files now loaded: 0)
System memory in use before: 160.6 MB.
System memory in use after: 160.6 MB.

Unloading 29 unused Assets to reduce memory usage. Loaded Objects now: 2331.
Total: 1.749913 ms (FindLiveObjects: 0.160076 ms CreateObjectMapping: 0.057628 ms MarkObjects: 1.434019 ms  DeleteObjects: 0.097253 ms)

========================================================================
Received Prepare
Registering precompiled user dll's ...
Registered in 0.002020 seconds.
Begin MonoManager ReloadAssembly
Native extension for OSXStandalone target not found
Refreshing native plugins compatible for Editor in 0.43 ms, found 3 plugins.
Preloading 0 native plugins for Editor in 0.00 ms.
Mono: successfully reloaded assembly
- Completed reload, in  1.023 seconds
Platform modules already initialized, skipping
Refreshing native plugins compatible for Editor in 0.44 ms, found 3 plugins.
Preloading 0 native plugins for Editor in 0.00 ms.
Unloading 1823 Unused Serialized files (Serialized files now loaded: 0)
System memory in use before: 160.8 MB.
System memory in use after: 160.8 MB.

Unloading 29 unused Assets to reduce memory usage. Loaded Objects now: 2335.
Total: 1.820346 ms (FindLiveObjects: 0.168525 ms CreateObjectMapping: 0.053484 ms MarkObjects: 1.500461 ms  DeleteObjects: 0.097042 ms)

========================================================================
Received Prepare
Registering precompiled user dll's ...
Registered in 0.002051 seconds.
Begin MonoManager ReloadAssembly
Native extension for OSXStandalone target not found
Refreshing native plugins compatible for Editor in 0.43 ms, found 3 plugins.
Preloading 0 native plugins for Editor in 0.00 ms.
Mono: successfully reloaded assembly
- Completed reload, in  1.014 seconds
Platform modules already initialized, skipping
Refreshing native plugins compatible for Editor in 0.38 ms, found 3 plugins.
Preloading 0 native plugins for Editor in 0.00 ms.
Unloading 1823 Unused Serialized files (Serialized files now loaded: 0)
System memory in use before: 161.0 MB.
System memory in use after: 161.0 MB.

Unloading 29 unused Assets to reduce memory usage. Loaded Objects now: 2339.
Total: 3.105071 ms (FindLiveObjects: 0.327928 ms CreateObjectMapping: 0.143659 ms MarkObjects: 2.547942 ms  DeleteObjects: 0.083639 ms)

========================================================================
Received Prepare
Registering precompiled user dll's ...
Registered in 0.002039 seconds.
Begin MonoManager ReloadAssembly
Native extension for OSXStandalone target not found
Refreshing native plugins compatible for Editor in 1.00 ms, found 3 plugins.
Preloading 0 native plugins for Editor in 0.00 ms.
Mono: successfully reloaded assembly
- Completed reload, in  1.026 seconds
Platform modules already initialized, skipping
Refreshing native plugins compatible for Editor in 0.44 ms, found 3 plugins.
Preloading 0 native plugins for Editor in 0.00 ms.
Unloading 1823 Unused Serialized files (Serialized files now loaded: 0)
System memory in use before: 161.2 MB.
System memory in use after: 161.2 MB.

Unloading 29 unused Assets to reduce memory usage. Loaded Objects now: 2343.
Total: 1.797911 ms (FindLiveObjects: 0.170076 ms CreateObjectMapping: 0.059151 ms MarkObjects: 1.475990 ms  DeleteObjects: 0.091893 ms)

========================================================================
Received Prepare
Registering precompiled user dll's ...
Registered in 0.002012 seconds.
Begin MonoManager ReloadAssembly
Native extension for OSXStandalone target not found
Refreshing native plugins compatible for Editor in 0.44 ms, found 3 plugins.
Preloading 0 native plugins for Editor in 0.00 ms.
Mono: successfully reloaded assembly
- Completed reload, in  1.044 seconds
Platform modules already initialized, skipping
Refreshing native plugins compatible for Editor in 0.43 ms, found 3 plugins.
Preloading 0 native plugins for Editor in 0.00 ms.
Unloading 1823 Unused Serialized files (Serialized files now loaded: 0)
System memory in use before: 161.4 MB.
System memory in use after: 161.4 MB.

Unloading 29 unused Assets to reduce memory usage. Loaded Objects now: 2347.
Total: 1.738342 ms (FindLiveObjects: 0.172911 ms CreateObjectMapping: 0.059616 ms MarkObjects: 1.413176 ms  DeleteObjects: 0.091908 ms)

========================================================================
Received Prepare
Registering precompiled user dll's ...
Registered in 0.002113 seconds.
Begin MonoManager ReloadAssembly
Native extension for OSXStandalone target not found
Refreshing native plugins compatible for Editor in 0.47 ms, found 3 plugins.
Preloading 0 native plugins for Editor in 0.00 ms.
Mono: successfully reloaded assembly
- Completed reload, in  1.056 seconds
Platform modules already initialized, skipping
Refreshing native plugins compatible for Editor in 0.43 ms, found 3 plugins.
Preloading 0 native plugins for Editor in 0.00 ms.
Unloading 1823 Unused Serialized files (Serialized files now loaded: 0)
System memory in use before: 161.6 MB.
System memory in use after: 161.6 MB.

Unloading 29 unused Assets to reduce memory usage. Loaded Objects now: 2351.
Total: 1.722683 ms (FindLiveObjects: 0.163135 ms CreateObjectMapping: 0.056987 ms MarkObjects: 1.407104 ms  DeleteObjects: 0.094661 ms)

========================================================================
Received Prepare
Registering precompiled user dll's ...
Registered in 0.002039 seconds.
Begin MonoManager ReloadAssembly
Native extension for OSXStandalone target not found
Refreshing native plugins compatible for Editor in 0.46 ms, found 3 plugins.
Preloading 0 native plugins for Editor in 0.00 ms.
Mono: successfully reloaded assembly
- Completed reload, in  1.048 seconds
Platform modules already initialized, skipping
Refreshing native plugins compatible for Editor in 0.44 ms, found 3 plugins.
Preloading 0 native plugins for Editor in 0.00 ms.
Unloading 1823 Unused Serialized files (Serialized files now loaded: 0)
System memory in use before: 161.8 MB.
System memory in use after: 161.8 MB.

Unloading 29 unused Assets to reduce memory usage. Loaded Objects now: 2355.
Total: 1.974536 ms (FindLiveObjects: 0.163490 ms CreateObjectMapping: 0.061545 ms MarkObjects: 1.573005 ms  DeleteObjects: 0.175500 ms)

========================================================================
Received Prepare
Registering precompiled user dll's ...
Registered in 0.002102 seconds.
Begin MonoManager ReloadAssembly
Native extension for OSXStandalone target not found
Refreshing native plugins compatible for Editor in 0.43 ms, found 3 plugins.
Preloading 0 native plugins for Editor in 0.00 ms.
Mono: successfully reloaded assembly
- Completed reload, in  1.023 seconds
Platform modules already initialized, skipping
Refreshing native plugins compatible for Editor in 0.43 ms, found 3 plugins.
Preloading 0 native plugins for Editor in 0.00 ms.
Unloading 1823 Unused Serialized files (Serialized files now loaded: 0)
System memory in use before: 162.0 MB.
System memory in use after: 162.0 MB.

Unloading 29 unused Assets to reduce memory usage. Loaded Objects now: 2359.
Total: 3.091265 ms (FindLiveObjects: 0.330325 ms CreateObjectMapping: 0.145081 ms MarkObjects: 2.533063 ms  DeleteObjects: 0.081446 ms)

========================================================================
Received Prepare
Registering precompiled user dll's ...
Registered in 0.002029 seconds.
Begin MonoManager ReloadAssembly
Native extension for OSXStandalone target not found
Refreshing native plugins compatible for Editor in 0.49 ms, found 3 plugins.
Preloading 0 native plugins for Editor in 0.00 ms.
Mono: successfully reloaded assembly
- Completed reload, in  1.062 seconds
Platform modules already initialized, skipping
Refreshing native plugins compatible for Editor in 0.44 ms, found 3 plugins.
Preloading 0 native plugins for Editor in 0.00 ms.
Unloading 1823 Unused Serialized files (Serialized files now loaded: 0)
System memory in use before: 162.2 MB.
System memory in use after: 162.2 MB.

Unloading 29 unused Assets to reduce memory usage. Loaded Objects now: 2363.
Total: 1.795652 ms (FindLiveObjects: 0.162729 ms CreateObjectMapping: 0.058599 ms MarkObjects: 1.479108 ms  DeleteObjects: 0.094365 ms)

========================================================================
Received Prepare
Registering precompiled user dll's ...
Registered in 0.002050 seconds.
Begin MonoManager ReloadAssembly
Native extension for OSXStandalone target not found
Refreshing native plugins compatible for Editor in 0.43 ms, found 3 plugins.
Preloading 0 native plugins for Editor in 0.00 ms.
Mono: successfully reloaded assembly
- Completed reload, in  1.012 seconds
Platform modules already initialized, skipping
Refreshing native plugins compatible for Editor in 0.44 ms, found 3 plugins.
Preloading 0 native plugins for Editor in 0.00 ms.
Unloading 1823 Unused Serialized files (Serialized files now loaded: 0)
System memory in use before: 162.4 MB.
System memory in use after: 162.4 MB.

Unloading 29 unused Assets to reduce memory usage. Loaded Objects now: 2367.
Total: 1.925261 ms (FindLiveObjects: 0.207293 ms CreateObjectMapping: 0.076949 ms MarkObjects: 1.539498 ms  DeleteObjects: 0.100555 ms)

========================================================================
Received Prepare
Registering precompiled user dll's ...
Registered in 0.002031 seconds.
Begin MonoManager ReloadAssembly
Native extension for OSXStandalone target not found
Refreshing native plugins compatible for Editor in 0.42 ms, found 3 plugins.
Preloading 0 native plugins for Editor in 0.00 ms.
Mono: successfully reloaded assembly
- Completed reload, in  1.027 seconds
Platform modules already initialized, skipping
Refreshing native plugins compatible for Editor in 0.42 ms, found 3 plugins.
Preloading 0 native plugins for Editor in 0.00 ms.
Unloading 1823 Unused Serialized files (Serialized files now loaded: 0)
System memory in use before: 162.6 MB.
System memory in use after: 162.6 MB.

Unloading 29 unused Assets to reduce memory usage. Loaded Objects now: 2371.
Total: 1.812442 ms (FindLiveObjects: 0.170411 ms CreateObjectMapping: 0.061690 ms MarkObjects: 1.481929 ms  DeleteObjects: 0.097168 ms)

========================================================================
Received Prepare
Registering precompiled user dll's ...
Registered in 0.002057 seconds.
Begin MonoManager ReloadAssembly
Native extension for OSXStandalone target not found
Refreshing native plugins compatible for Editor in 0.42 ms, found 3 plugins.
Preloading 0 native plugins for Editor in 0.00 ms.
Mono: successfully reloaded assembly
- Completed reload, in  1.056 seconds
Platform modules already initialized, skipping
Refreshing native plugins compatible for Editor in 0.39 ms, found 3 plugins.
Preloading 0 native plugins for Editor in 0.00 ms.
Unloading 1823 Unused Serialized files (Serialized files now loaded: 0)
System memory in use before: 162.8 MB.
System memory in use after: 162.8 MB.

Unloading 29 unused Assets to reduce memory usage. Loaded Objects now: 2375.
Total: 1.755801 ms (FindLiveObjects: 0.171073 ms CreateObjectMapping: 0.061478 ms MarkObjects: 1.429664 ms  DeleteObjects: 0.092804 ms)

========================================================================
Received Prepare
Registering precompiled user dll's ...
Registered in 0.002096 seconds.
Begin MonoManager ReloadAssembly
Native extension for OSXStandalone target not found
Refreshing native plugins compatible for Editor in 0.43 ms, found 3 plugins.
Preloading 0 native plugins for Editor in 0.00 ms.
Mono: successfully reloaded assembly
- Completed reload, in  1.059 seconds
Platform modules already initialized, skipping
Refreshing native plugins compatible for Editor in 0.43 ms, found 3 plugins.
Preloading 0 native plugins for Editor in 0.00 ms.
Unloading 1823 Unused Serialized files (Serialized files now loaded: 0)
System memory in use before: 163.0 MB.
System memory in use after: 163.0 MB.

Unloading 29 unused Assets to reduce memory usage. Loaded Objects now: 2379.
Total: 2.204163 ms (FindLiveObjects: 0.240320 ms CreateObjectMapping: 0.100331 ms MarkObjects: 1.674262 ms  DeleteObjects: 0.188387 ms)

========================================================================
Received Prepare
Registering precompiled user dll's ...
Registered in 0.002035 seconds.
Begin MonoManager ReloadAssembly
Native extension for OSXStandalone target not found
Refreshing native plugins compatible for Editor in 0.44 ms, found 3 plugins.
Preloading 0 native plugins for Editor in 0.00 ms.
Mono: successfully reloaded assembly
- Completed reload, in  1.040 seconds
Platform modules already initialized, skipping
Refreshing native plugins compatible for Editor in 0.45 ms, found 3 plugins.
Preloading 0 native plugins for Editor in 0.00 ms.
Unloading 1823 Unused Serialized files (Serialized files now loaded: 0)
System memory in use before: 163.2 MB.
System memory in use after: 163.2 MB.

Unloading 29 unused Assets to reduce memory usage. Loaded Objects now: 2383.
Total: 1.755721 ms (FindLiveObjects: 0.166749 ms CreateObjectMapping: 0.060758 ms MarkObjects: 1.432262 ms  DeleteObjects: 0.094919 ms)

========================================================================
Received Prepare
Registering precompiled user dll's ...
Registered in 0.002053 seconds.
Begin MonoManager ReloadAssembly
Native extension for OSXStandalone target not found
Refreshing native plugins compatible for Editor in 0.44 ms, found 3 plugins.
Preloading 0 native plugins for Editor in 0.00 ms.
Mono: successfully reloaded assembly
- Completed reload, in  1.037 seconds
Platform modules already initialized, skipping
Refreshing native plugins compatible for Editor in 0.45 ms, found 3 plugins.
Preloading 0 native plugins for Editor in 0.00 ms.
Unloading 1823 Unused Serialized files (Serialized files now loaded: 0)
System memory in use before: 163.4 MB.
System memory in use after: 163.4 MB.

Unloading 29 unused Assets to reduce memory usage. Loaded Objects now: 2387.
Total: 1.951143 ms (FindLiveObjects: 0.239103 ms CreateObjectMapping: 0.066117 ms MarkObjects: 1.545827 ms  DeleteObjects: 0.098936 ms)

========================================================================
Received Prepare
Registering precompiled user dll's ...
Registered in 0.002086 seconds.
Begin MonoManager ReloadAssembly
Native extension for OSXStandalone target not found
Refreshing native plugins compatible for Editor in 0.46 ms, found 3 plugins.
Preloading 0 native plugins for Editor in 0.00 ms.
Mono: successfully reloaded assembly
- Completed reload, in  1.068 seconds
Platform modules already initialized, skipping
Refreshing native plugins compatible for Editor in 0.45 ms, found 3 plugins.
Preloading 0 native plugins for Editor in 0.00 ms.
Unloading 1823 Unused Serialized files (Serialized files now loaded: 0)
System memory in use before: 163.6 MB.
System memory in use after: 163.6 MB.

Unloading 29 unused Assets to reduce memory usage. Loaded Objects now: 2391.
Total: 5.565092 ms (FindLiveObjects: 0.208340 ms CreateObjectMapping: 0.077821 ms MarkObjects: 5.070558 ms  DeleteObjects: 0.207005 ms)

========================================================================
Received Prepare
Registering precompiled user dll's ...
Registered in 0.002182 seconds.
Begin MonoManager ReloadAssembly
Native extension for OSXStandalone target not found
Refreshing native plugins compatible for Editor in 0.62 ms, found 3 plugins.
Preloading 0 native plugins for Editor in 0.00 ms.
Mono: successfully reloaded assembly
- Completed reload, in  1.051 seconds
Platform modules already initialized, skipping
Refreshing native plugins compatible for Editor in 0.51 ms, found 3 plugins.
Preloading 0 native plugins for Editor in 0.00 ms.
Unloading 1823 Unused Serialized files (Serialized files now loaded: 0)
System memory in use before: 163.8 MB.
System memory in use after: 163.8 MB.

Unloading 29 unused Assets to reduce memory usage. Loaded Objects now: 2395.
Total: 1.902221 ms (FindLiveObjects: 0.191256 ms CreateObjectMapping: 0.066115 ms MarkObjects: 1.546201 ms  DeleteObjects: 0.097760 ms)

========================================================================
Received Prepare
Registering precompiled user dll's ...
Registered in 0.002120 seconds.
Begin MonoManager ReloadAssembly
Native extension for OSXStandalone target not found
Refreshing native plugins compatible for Editor in 0.44 ms, found 3 plugins.
Preloading 0 native plugins for Editor in 0.00 ms.
Mono: successfully reloaded assembly
- Completed reload, in  1.087 seconds
Platform modules already initialized, skipping
Refreshing native plugins compatible for Editor in 0.43 ms, found 3 plugins.
Preloading 0 native plugins for Editor in 0.00 ms.
Unloading 1823 Unused Serialized files (Serialized files now loaded: 0)
System memory in use before: 164.0 MB.
System memory in use after: 164.0 MB.

Unloading 29 unused Assets to reduce memory usage. Loaded Objects now: 2399.
Total: 1.848869 ms (FindLiveObjects: 0.180121 ms CreateObjectMapping: 0.057325 ms MarkObjects: 1.492212 ms  DeleteObjects: 0.118450 ms)

========================================================================
Received Prepare
Registering precompiled user dll's ...
Registered in 0.002260 seconds.
Begin MonoManager ReloadAssembly
Native extension for OSXStandalone target not found
Refreshing native plugins compatible for Editor in 0.46 ms, found 3 plugins.
Preloading 0 native plugins for Editor in 0.00 ms.
Mono: successfully reloaded assembly
- Completed reload, in  1.042 seconds
Platform modules already initialized, skipping
Refreshing native plugins compatible for Editor in 0.44 ms, found 3 plugins.
Preloading 0 native plugins for Editor in 0.00 ms.
Unloading 1823 Unused Serialized files (Serialized files now loaded: 0)
System memory in use before: 164.2 MB.
System memory in use after: 164.2 MB.

Unloading 29 unused Assets to reduce memory usage. Loaded Objects now: 2403.
Total: 3.228778 ms (FindLiveObjects: 0.333157 ms CreateObjectMapping: 0.145839 ms MarkObjects: 2.649304 ms  DeleteObjects: 0.098926 ms)

========================================================================
Received Prepare
Registering precompiled user dll's ...
Registered in 0.002053 seconds.
Begin MonoManager ReloadAssembly
Native extension for OSXStandalone target not found
Refreshing native plugins compatible for Editor in 0.51 ms, found 3 plugins.
Preloading 0 native plugins for Editor in 0.00 ms.
Mono: successfully reloaded assembly
- Completed reload, in  1.055 seconds
Platform modules already initialized, skipping
Refreshing native plugins compatible for Editor in 0.42 ms, found 3 plugins.
Preloading 0 native plugins for Editor in 0.00 ms.
Unloading 1823 Unused Serialized files (Serialized files now loaded: 0)
System memory in use before: 164.4 MB.
System memory in use after: 164.4 MB.

Unloading 29 unused Assets to reduce memory usage. Loaded Objects now: 2407.
Total: 1.983663 ms (FindLiveObjects: 0.244325 ms CreateObjectMapping: 0.076987 ms MarkObjects: 1.562556 ms  DeleteObjects: 0.098586 ms)

========================================================================
Received Import Request.
  Time since last request: 5025.331906 seconds.
  path: Assets/Physics
  artifactKey: Guid(825493caad7cb4efd8ae6fd275da09e3) Importer(815301076,1909f56bfc062723c751e8b465ee728b)
Start importing Assets/Physics using Guid(825493caad7cb4efd8ae6fd275da09e3) Importer(815301076,1909f56bfc062723c751e8b465ee728b)  -> (artifact id: '35127e62588bccea92a33cfc4a0b6eca') in 0.003315 seconds
  Import took 0.005921 seconds .

========================================================================
Received Import Request.
  Time since last request: 0.000302 seconds.
  path: Assets/Physics
  artifactKey: Guid(825493caad7cb4efd8ae6fd275da09e3) Importer(815301076,1909f56bfc062723c751e8b465ee728b)
Start importing Assets/Physics using Guid(825493caad7cb4efd8ae6fd275da09e3) Importer(815301076,1909f56bfc062723c751e8b465ee728b)  -> (artifact id: '35127e62588bccea92a33cfc4a0b6eca') in 0.000658 seconds
  Import took 0.002813 seconds .

========================================================================
Received Import Request.
  Time since last request: 8.471242 seconds.
  path: Assets/Physics/New Physic Material.physicMaterial
  artifactKey: Guid(db8856c2dd245488c915716ec858da87) Importer(815301076,1909f56bfc062723c751e8b465ee728b)
Start importing Assets/Physics/New Physic Material.physicMaterial using Guid(db8856c2dd245488c915716ec858da87) Importer(815301076,1909f56bfc062723c751e8b465ee728b)  -> (artifact id: 'f6879ca90c5c49509b7f47c5af08cad1') in 0.133136 seconds
  Import took 0.136234 seconds .

========================================================================
Received Import Request.
  Time since last request: 34.582470 seconds.
  path: Assets/Physics/New Physics Material 2D.physicsMaterial2D
  artifactKey: Guid(6a5bd408088a844b69c68b54191b57bc) Importer(815301076,1909f56bfc062723c751e8b465ee728b)
Start importing Assets/Physics/New Physics Material 2D.physicsMaterial2D using Guid(6a5bd408088a844b69c68b54191b57bc) Importer(815301076,1909f56bfc062723c751e8b465ee728b)  -> (artifact id: '50a967fa656478ddb59e2ac39acd3a62') in 0.127409 seconds
  Import took 0.130506 seconds .

========================================================================
Received Import Request.
  Time since last request: 22.034641 seconds.
  path: Assets/Physics/Slippery.physicsMaterial2D
  artifactKey: Guid(6a5bd408088a844b69c68b54191b57bc) Importer(815301076,1909f56bfc062723c751e8b465ee728b)
Start importing Assets/Physics/Slippery.physicsMaterial2D using Guid(6a5bd408088a844b69c68b54191b57bc) Importer(815301076,1909f56bfc062723c751e8b465ee728b)  -> (artifact id: 'd2f97f5ea455cfff4b907569c3bfab9a') in 0.004272 seconds
  Import took 0.006722 seconds .

========================================================================
Received Prepare
Registering precompiled user dll's ...
Registered in 0.004407 seconds.
Begin MonoManager ReloadAssembly
Native extension for OSXStandalone target not found
Refreshing native plugins compatible for Editor in 0.43 ms, found 3 plugins.
Preloading 0 native plugins for Editor in 0.00 ms.
Mono: successfully reloaded assembly
- Completed reload, in  1.049 seconds
Platform modules already initialized, skipping
Refreshing native plugins compatible for Editor in 0.43 ms, found 3 plugins.
Preloading 0 native plugins for Editor in 0.00 ms.
Unloading 1823 Unused Serialized files (Serialized files now loaded: 0)
System memory in use before: 172.9 MB.
System memory in use after: 172.9 MB.

Unloading 29 unused Assets to reduce memory usage. Loaded Objects now: 2411.
Total: 1.741893 ms (FindLiveObjects: 0.177604 ms CreateObjectMapping: 0.058391 ms MarkObjects: 1.412460 ms  DeleteObjects: 0.091820 ms)

========================================================================
Received Import Request.
  Time since last request: 62.100619 seconds.
  path: Assets/Physics/Slippery.physicsMaterial2D
  artifactKey: Guid(6a5bd408088a844b69c68b54191b57bc) Importer(815301076,1909f56bfc062723c751e8b465ee728b)
Start importing Assets/Physics/Slippery.physicsMaterial2D using Guid(6a5bd408088a844b69c68b54191b57bc) Importer(815301076,1909f56bfc062723c751e8b465ee728b)  -> (artifact id: '5a9ca012e346bd13de9d39b7bab5410d') in 0.011513 seconds
  Import took 0.014130 seconds .

========================================================================
Received Import Request.
  Time since last request: 0.003002 seconds.
  path: Assets/Physics/Slippery.physicsMaterial2D
  artifactKey: Guid(6a5bd408088a844b69c68b54191b57bc) Importer(815301076,1909f56bfc062723c751e8b465ee728b)
Start importing Assets/Physics/Slippery.physicsMaterial2D using Guid(6a5bd408088a844b69c68b54191b57bc) Importer(815301076,1909f56bfc062723c751e8b465ee728b)  -> (artifact id: '5a9ca012e346bd13de9d39b7bab5410d') in 0.003088 seconds
  Import took 0.005421 seconds .

========================================================================
Received Prepare
Registering precompiled user dll's ...
Registered in 0.004671 seconds.
Begin MonoManager ReloadAssembly
Native extension for OSXStandalone target not found
Refreshing native plugins compatible for Editor in 0.44 ms, found 3 plugins.
Preloading 0 native plugins for Editor in 0.00 ms.
Mono: successfully reloaded assembly
- Completed reload, in  1.037 seconds
Platform modules already initialized, skipping
Refreshing native plugins compatible for Editor in 0.43 ms, found 3 plugins.
Preloading 0 native plugins for Editor in 0.00 ms.
Unloading 1823 Unused Serialized files (Serialized files now loaded: 0)
System memory in use before: 173.1 MB.
System memory in use after: 173.1 MB.

Unloading 29 unused Assets to reduce memory usage. Loaded Objects now: 2415.
Total: 2.163933 ms (FindLiveObjects: 0.282904 ms CreateObjectMapping: 0.109476 ms MarkObjects: 1.666697 ms  DeleteObjects: 0.103664 ms)

========================================================================
Received Import Request.
  Time since last request: 24.435018 seconds.
  path: Assets/Physics/Slippery.physicsMaterial2D
  artifactKey: Guid(6a5bd408088a844b69c68b54191b57bc) Importer(815301076,1909f56bfc062723c751e8b465ee728b)
Start importing Assets/Physics/Slippery.physicsMaterial2D using Guid(6a5bd408088a844b69c68b54191b57bc) Importer(815301076,1909f56bfc062723c751e8b465ee728b)  -> (artifact id: '10714795cbc4b894492020369df136a3') in 0.013361 seconds
  Import took 0.016009 seconds .

========================================================================
Received Prepare
Registering precompiled user dll's ...
Registered in 0.002021 seconds.
Begin MonoManager ReloadAssembly
Native extension for OSXStandalone target not found
Refreshing native plugins compatible for Editor in 0.44 ms, found 3 plugins.
Preloading 0 native plugins for Editor in 0.00 ms.
Mono: successfully reloaded assembly
- Completed reload, in  1.049 seconds
Platform modules already initialized, skipping
Refreshing native plugins compatible for Editor in 0.45 ms, found 3 plugins.
Preloading 0 native plugins for Editor in 0.00 ms.
Unloading 1823 Unused Serialized files (Serialized files now loaded: 0)
System memory in use before: 173.3 MB.
System memory in use after: 173.3 MB.

Unloading 29 unused Assets to reduce memory usage. Loaded Objects now: 2419.
Total: 1.917696 ms (FindLiveObjects: 0.169409 ms CreateObjectMapping: 0.059741 ms MarkObjects: 1.587391 ms  DeleteObjects: 0.100208 ms)

========================================================================
Received Import Request.
  Time since last request: 14.307626 seconds.
  path: Assets/Physics/Slippery.physicsMaterial2D
  artifactKey: Guid(6a5bd408088a844b69c68b54191b57bc) Importer(815301076,1909f56bfc062723c751e8b465ee728b)
Start importing Assets/Physics/Slippery.physicsMaterial2D using Guid(6a5bd408088a844b69c68b54191b57bc) Importer(815301076,1909f56bfc062723c751e8b465ee728b)  -> (artifact id: 'a66280c8fcc0f80fc2691a0aebfe9913') in 0.012739 seconds
  Import took 0.015346 seconds .

========================================================================
Received Prepare
Registering precompiled user dll's ...
Registered in 0.004041 seconds.
Begin MonoManager ReloadAssembly
Native extension for OSXStandalone target not found
Refreshing native plugins compatible for Editor in 0.43 ms, found 3 plugins.
Preloading 0 native plugins for Editor in 0.00 ms.
Mono: successfully reloaded assembly
- Completed reload, in  1.026 seconds
Platform modules already initialized, skipping
Refreshing native plugins compatible for Editor in 0.45 ms, found 3 plugins.
Preloading 0 native plugins for Editor in 0.00 ms.
Unloading 1823 Unused Serialized files (Serialized files now loaded: 0)
System memory in use before: 173.6 MB.
System memory in use after: 173.5 MB.

Unloading 29 unused Assets to reduce memory usage. Loaded Objects now: 2423.
Total: 1.990057 ms (FindLiveObjects: 0.200556 ms CreateObjectMapping: 0.069273 ms MarkObjects: 1.604174 ms  DeleteObjects: 0.115296 ms)

========================================================================
Received Prepare
Registering precompiled user dll's ...
Registered in 0.004545 seconds.
Begin MonoManager ReloadAssembly
Native extension for OSXStandalone target not found
Refreshing native plugins compatible for Editor in 0.44 ms, found 3 plugins.
Preloading 0 native plugins for Editor in 0.00 ms.
Mono: successfully reloaded assembly
- Completed reload, in  1.012 seconds
Platform modules already initialized, skipping
Refreshing native plugins compatible for Editor in 0.46 ms, found 3 plugins.
Preloading 0 native plugins for Editor in 0.00 ms.
Unloading 1823 Unused Serialized files (Serialized files now loaded: 0)
System memory in use before: 173.8 MB.
System memory in use after: 173.7 MB.

Unloading 29 unused Assets to reduce memory usage. Loaded Objects now: 2427.
Total: 2.006872 ms (FindLiveObjects: 0.187207 ms CreateObjectMapping: 0.057401 ms MarkObjects: 1.660113 ms  DeleteObjects: 0.101197 ms)

========================================================================
Received Prepare
Registering precompiled user dll's ...
Registered in 0.003864 seconds.
Begin MonoManager ReloadAssembly
Native extension for OSXStandalone target not found
Refreshing native plugins compatible for Editor in 0.44 ms, found 3 plugins.
Preloading 0 native plugins for Editor in 0.00 ms.
Mono: successfully reloaded assembly
- Completed reload, in  1.024 seconds
Platform modules already initialized, skipping
Refreshing native plugins compatible for Editor in 0.44 ms, found 3 plugins.
Preloading 0 native plugins for Editor in 0.00 ms.
Unloading 1823 Unused Serialized files (Serialized files now loaded: 0)
System memory in use before: 173.9 MB.
System memory in use after: 173.9 MB.

Unloading 29 unused Assets to reduce memory usage. Loaded Objects now: 2431.
Total: 1.746402 ms (FindLiveObjects: 0.168787 ms CreateObjectMapping: 0.059438 ms MarkObjects: 1.427224 ms  DeleteObjects: 0.090140 ms)

========================================================================
Received Prepare
Registering precompiled user dll's ...
Registered in 0.004430 seconds.
Begin MonoManager ReloadAssembly
Native extension for OSXStandalone target not found
Refreshing native plugins compatible for Editor in 0.50 ms, found 3 plugins.
Preloading 0 native plugins for Editor in 0.00 ms.
Mono: successfully reloaded assembly
- Completed reload, in  1.020 seconds
Platform modules already initialized, skipping
Refreshing native plugins compatible for Editor in 0.41 ms, found 3 plugins.
Preloading 0 native plugins for Editor in 0.00 ms.
Unloading 1823 Unused Serialized files (Serialized files now loaded: 0)
System memory in use before: 174.2 MB.
System memory in use after: 174.2 MB.

Unloading 29 unused Assets to reduce memory usage. Loaded Objects now: 2435.
Total: 1.878799 ms (FindLiveObjects: 0.198950 ms CreateObjectMapping: 0.063081 ms MarkObjects: 1.513753 ms  DeleteObjects: 0.102099 ms)

========================================================================
Received Prepare
Registering precompiled user dll's ...
Registered in 0.004639 seconds.
Begin MonoManager ReloadAssembly
Native extension for OSXStandalone target not found
Refreshing native plugins compatible for Editor in 0.45 ms, found 3 plugins.
Preloading 0 native plugins for Editor in 0.00 ms.
Mono: successfully reloaded assembly
- Completed reload, in  1.019 seconds
Platform modules already initialized, skipping
Refreshing native plugins compatible for Editor in 0.44 ms, found 3 plugins.
Preloading 0 native plugins for Editor in 0.00 ms.
Unloading 1823 Unused Serialized files (Serialized files now loaded: 0)
System memory in use before: 174.4 MB.
System memory in use after: 174.4 MB.

Unloading 29 unused Assets to reduce memory usage. Loaded Objects now: 2439.
Total: 1.909825 ms (FindLiveObjects: 0.169937 ms CreateObjectMapping: 0.058935 ms MarkObjects: 1.577684 ms  DeleteObjects: 0.102525 ms)

========================================================================
Received Prepare
Registering precompiled user dll's ...
Registered in 0.002105 seconds.
Begin MonoManager ReloadAssembly
Native extension for OSXStandalone target not found
Refreshing native plugins compatible for Editor in 0.45 ms, found 3 plugins.
Preloading 0 native plugins for Editor in 0.00 ms.
Mono: successfully reloaded assembly
- Completed reload, in  1.004 seconds
Platform modules already initialized, skipping
Refreshing native plugins compatible for Editor in 0.36 ms, found 3 plugins.
Preloading 0 native plugins for Editor in 0.00 ms.
Unloading 1823 Unused Serialized files (Serialized files now loaded: 0)
System memory in use before: 174.6 MB.
System memory in use after: 174.6 MB.

Unloading 29 unused Assets to reduce memory usage. Loaded Objects now: 2443.
Total: 3.184378 ms (FindLiveObjects: 0.352276 ms CreateObjectMapping: 0.148090 ms MarkObjects: 2.594125 ms  DeleteObjects: 0.088165 ms)

========================================================================
Received Prepare
Registering precompiled user dll's ...
Registered in 0.004479 seconds.
Begin MonoManager ReloadAssembly
Native extension for OSXStandalone target not found
Refreshing native plugins compatible for Editor in 0.44 ms, found 3 plugins.
Preloading 0 native plugins for Editor in 0.00 ms.
Mono: successfully reloaded assembly
- Completed reload, in  1.039 seconds
Platform modules already initialized, skipping
Refreshing native plugins compatible for Editor in 0.43 ms, found 3 plugins.
Preloading 0 native plugins for Editor in 0.00 ms.
Unloading 1823 Unused Serialized files (Serialized files now loaded: 0)
System memory in use before: 174.8 MB.
System memory in use after: 174.7 MB.

Unloading 29 unused Assets to reduce memory usage. Loaded Objects now: 2447.
Total: 1.892069 ms (FindLiveObjects: 0.210254 ms CreateObjectMapping: 0.069184 ms MarkObjects: 1.514184 ms  DeleteObjects: 0.097569 ms)

========================================================================
Received Prepare
Registering precompiled user dll's ...
Registered in 0.002012 seconds.
Begin MonoManager ReloadAssembly
Native extension for OSXStandalone target not found
Refreshing native plugins compatible for Editor in 0.44 ms, found 3 plugins.
Preloading 0 native plugins for Editor in 0.00 ms.
Mono: successfully reloaded assembly
- Completed reload, in  1.039 seconds
Platform modules already initialized, skipping
Refreshing native plugins compatible for Editor in 0.44 ms, found 3 plugins.
Preloading 0 native plugins for Editor in 0.00 ms.
Unloading 1823 Unused Serialized files (Serialized files now loaded: 0)
System memory in use before: 175.0 MB.
System memory in use after: 175.0 MB.

Unloading 29 unused Assets to reduce memory usage. Loaded Objects now: 2451.
Total: 1.854647 ms (FindLiveObjects: 0.194808 ms CreateObjectMapping: 0.069843 ms MarkObjects: 1.491836 ms  DeleteObjects: 0.097270 ms)

========================================================================
Received Prepare
Registering precompiled user dll's ...
Registered in 0.003900 seconds.
Begin MonoManager ReloadAssembly
Native extension for OSXStandalone target not found
Refreshing native plugins compatible for Editor in 0.46 ms, found 3 plugins.
Preloading 0 native plugins for Editor in 0.00 ms.
Mono: successfully reloaded assembly
- Completed reload, in  1.070 seconds
Platform modules already initialized, skipping
Refreshing native plugins compatible for Editor in 0.45 ms, found 3 plugins.
Preloading 0 native plugins for Editor in 0.00 ms.
Unloading 1823 Unused Serialized files (Serialized files now loaded: 0)
System memory in use before: 175.2 MB.
System memory in use after: 175.1 MB.

Unloading 29 unused Assets to reduce memory usage. Loaded Objects now: 2455.
Total: 1.892988 ms (FindLiveObjects: 0.178968 ms CreateObjectMapping: 0.059105 ms MarkObjects: 1.557733 ms  DeleteObjects: 0.096374 ms)

========================================================================
Received Import Request.
  Time since last request: 776.857766 seconds.
  path: Assets/Plugins
  artifactKey: Guid(720712be6e31c444f88f57bb85bf5fa5) Importer(815301076,1909f56bfc062723c751e8b465ee728b)
Start importing Assets/Plugins using Guid(720712be6e31c444f88f57bb85bf5fa5) Importer(815301076,1909f56bfc062723c751e8b465ee728b)  -> (artifact id: 'a626a046b8e0c8d0b36c2306886a7dce') in 0.003658 seconds
  Import took 0.006279 seconds .

========================================================================
Received Prepare
Registering precompiled user dll's ...
Registered in 0.004051 seconds.
Begin MonoManager ReloadAssembly
Native extension for OSXStandalone target not found
Refreshing native plugins compatible for Editor in 0.45 ms, found 3 plugins.
Preloading 0 native plugins for Editor in 0.00 ms.
Mono: successfully reloaded assembly
- Completed reload, in  1.070 seconds
Platform modules already initialized, skipping
Refreshing native plugins compatible for Editor in 0.43 ms, found 3 plugins.
Preloading 0 native plugins for Editor in 0.00 ms.
Unloading 1823 Unused Serialized files (Serialized files now loaded: 0)
System memory in use before: 175.4 MB.
System memory in use after: 175.3 MB.

Unloading 29 unused Assets to reduce memory usage. Loaded Objects now: 2459.
Total: 1.777687 ms (FindLiveObjects: 0.165717 ms CreateObjectMapping: 0.056265 ms MarkObjects: 1.458645 ms  DeleteObjects: 0.096265 ms)

========================================================================
Received Import Request.
  Time since last request: 56.223455 seconds.
  path: Assets/Physics/Slippery.physicsMaterial2D
  artifactKey: Guid(6a5bd408088a844b69c68b54191b57bc) Importer(815301076,1909f56bfc062723c751e8b465ee728b)
Start importing Assets/Physics/Slippery.physicsMaterial2D using Guid(6a5bd408088a844b69c68b54191b57bc) Importer(815301076,1909f56bfc062723c751e8b465ee728b)  -> (artifact id: 'b8796d9a478e00702fb74172dd0ecfd0') in 0.011975 seconds
  Import took 0.014797 seconds .

========================================================================
Received Import Request.
  Time since last request: 0.002647 seconds.
  path: Assets/Physics/Slippery.physicsMaterial2D
  artifactKey: Guid(6a5bd408088a844b69c68b54191b57bc) Importer(815301076,1909f56bfc062723c751e8b465ee728b)
Start importing Assets/Physics/Slippery.physicsMaterial2D using Guid(6a5bd408088a844b69c68b54191b57bc) Importer(815301076,1909f56bfc062723c751e8b465ee728b)  -> (artifact id: 'b8796d9a478e00702fb74172dd0ecfd0') in 0.003265 seconds
  Import took 0.005681 seconds .

========================================================================
Received Prepare
Registering precompiled user dll's ...
Registered in 0.004151 seconds.
Begin MonoManager ReloadAssembly
Native extension for OSXStandalone target not found
Refreshing native plugins compatible for Editor in 0.45 ms, found 3 plugins.
Preloading 0 native plugins for Editor in 0.00 ms.
Mono: successfully reloaded assembly
- Completed reload, in  1.046 seconds
Platform modules already initialized, skipping
Refreshing native plugins compatible for Editor in 0.43 ms, found 3 plugins.
Preloading 0 native plugins for Editor in 0.00 ms.
Unloading 1823 Unused Serialized files (Serialized files now loaded: 0)
System memory in use before: 175.6 MB.
System memory in use after: 175.6 MB.

Unloading 29 unused Assets to reduce memory usage. Loaded Objects now: 2463.
Total: 1.902997 ms (FindLiveObjects: 0.211207 ms CreateObjectMapping: 0.068419 ms MarkObjects: 1.515495 ms  DeleteObjects: 0.107081 ms)

========================================================================
Received Prepare
Registering precompiled user dll's ...
Registered in 0.004384 seconds.
Begin MonoManager ReloadAssembly
Native extension for OSXStandalone target not found
Refreshing native plugins compatible for Editor in 0.43 ms, found 3 plugins.
Preloading 0 native plugins for Editor in 0.00 ms.
Mono: successfully reloaded assembly
- Completed reload, in  1.027 seconds
Platform modules already initialized, skipping
Refreshing native plugins compatible for Editor in 0.41 ms, found 3 plugins.
Preloading 0 native plugins for Editor in 0.00 ms.
Unloading 1823 Unused Serialized files (Serialized files now loaded: 0)
System memory in use before: 175.8 MB.
System memory in use after: 175.8 MB.

Unloading 29 unused Assets to reduce memory usage. Loaded Objects now: 2467.
Total: 3.489068 ms (FindLiveObjects: 0.360505 ms CreateObjectMapping: 0.150562 ms MarkObjects: 2.864547 ms  DeleteObjects: 0.111935 ms)

========================================================================
Received Prepare
Registering precompiled user dll's ...
Registered in 0.002128 seconds.
Begin MonoManager ReloadAssembly
Native extension for OSXStandalone target not found
Refreshing native plugins compatible for Editor in 0.47 ms, found 3 plugins.
Preloading 0 native plugins for Editor in 0.00 ms.
Mono: successfully reloaded assembly
- Completed reload, in  1.052 seconds
Platform modules already initialized, skipping
Refreshing native plugins compatible for Editor in 0.44 ms, found 3 plugins.
Preloading 0 native plugins for Editor in 0.00 ms.
Unloading 1823 Unused Serialized files (Serialized files now loaded: 0)
System memory in use before: 176.0 MB.
System memory in use after: 175.9 MB.

Unloading 29 unused Assets to reduce memory usage. Loaded Objects now: 2471.
Total: 1.843109 ms (FindLiveObjects: 0.205381 ms CreateObjectMapping: 0.071312 ms MarkObjects: 1.463544 ms  DeleteObjects: 0.102020 ms)

========================================================================
Received Prepare
Registering precompiled user dll's ...
Registered in 0.004136 seconds.
Begin MonoManager ReloadAssembly
Native extension for OSXStandalone target not found
Refreshing native plugins compatible for Editor in 0.44 ms, found 3 plugins.
Preloading 0 native plugins for Editor in 0.00 ms.
Mono: successfully reloaded assembly
- Completed reload, in  1.043 seconds
Platform modules already initialized, skipping
Refreshing native plugins compatible for Editor in 0.43 ms, found 3 plugins.
Preloading 0 native plugins for Editor in 0.00 ms.
Unloading 1823 Unused Serialized files (Serialized files now loaded: 0)
System memory in use before: 176.2 MB.
System memory in use after: 176.1 MB.

Unloading 29 unused Assets to reduce memory usage. Loaded Objects now: 2475.
Total: 1.842181 ms (FindLiveObjects: 0.167923 ms CreateObjectMapping: 0.057254 ms MarkObjects: 1.515223 ms  DeleteObjects: 0.100966 ms)

========================================================================
Received Import Request.
  Time since last request: 750.326550 seconds.
  path: Assets/Bounce.physicsMaterial2D
  artifactKey: Guid(702f0c503e4cf4d8ab26e8690063adb1) Importer(815301076,1909f56bfc062723c751e8b465ee728b)
Start importing Assets/Bounce.physicsMaterial2D using Guid(702f0c503e4cf4d8ab26e8690063adb1) Importer(815301076,1909f56bfc062723c751e8b465ee728b)  -> (artifact id: 'd6eb20b1a413ae8a5b08d694492f1825') in 0.013853 seconds
  Import took 0.017308 seconds .

========================================================================
Received Prepare
Registering precompiled user dll's ...
Registered in 0.004403 seconds.
Begin MonoManager ReloadAssembly
Native extension for OSXStandalone target not found
Refreshing native plugins compatible for Editor in 0.43 ms, found 3 plugins.
Preloading 0 native plugins for Editor in 0.00 ms.
Mono: successfully reloaded assembly
- Completed reload, in  1.045 seconds
Platform modules already initialized, skipping
Refreshing native plugins compatible for Editor in 0.43 ms, found 3 plugins.
Preloading 0 native plugins for Editor in 0.00 ms.
Unloading 1823 Unused Serialized files (Serialized files now loaded: 0)
System memory in use before: 176.4 MB.
System memory in use after: 176.4 MB.

Unloading 29 unused Assets to reduce memory usage. Loaded Objects now: 2479.
Total: 1.847647 ms (FindLiveObjects: 0.174571 ms CreateObjectMapping: 0.058910 ms MarkObjects: 1.516750 ms  DeleteObjects: 0.096608 ms)

========================================================================
Received Import Request.
  Time since last request: 23.046885 seconds.
  path: Assets/Physics/Bounce.physicsMaterial2D
  artifactKey: Guid(702f0c503e4cf4d8ab26e8690063adb1) Importer(815301076,1909f56bfc062723c751e8b465ee728b)
Start importing Assets/Physics/Bounce.physicsMaterial2D using Guid(702f0c503e4cf4d8ab26e8690063adb1) Importer(815301076,1909f56bfc062723c751e8b465ee728b)  -> (artifact id: 'b381548b53e4eb28772b551b9912ebef') in 0.012377 seconds
  Import took 0.016466 seconds .

========================================================================
Received Prepare
Registering precompiled user dll's ...
Registered in 0.004095 seconds.
Begin MonoManager ReloadAssembly
Native extension for OSXStandalone target not found
Refreshing native plugins compatible for Editor in 0.44 ms, found 3 plugins.
Preloading 0 native plugins for Editor in 0.00 ms.
Mono: successfully reloaded assembly
- Completed reload, in  1.048 seconds
Platform modules already initialized, skipping
Refreshing native plugins compatible for Editor in 0.43 ms, found 3 plugins.
Preloading 0 native plugins for Editor in 0.00 ms.
Unloading 1823 Unused Serialized files (Serialized files now loaded: 0)
System memory in use before: 176.6 MB.
System memory in use after: 176.6 MB.

Unloading 29 unused Assets to reduce memory usage. Loaded Objects now: 2483.
Total: 1.843962 ms (FindLiveObjects: 0.188732 ms CreateObjectMapping: 0.060690 ms MarkObjects: 1.496042 ms  DeleteObjects: 0.097821 ms)

========================================================================
Received Prepare
Registering precompiled user dll's ...
Registered in 0.004230 seconds.
Begin MonoManager ReloadAssembly
Native extension for OSXStandalone target not found
Refreshing native plugins compatible for Editor in 0.44 ms, found 3 plugins.
Preloading 0 native plugins for Editor in 0.00 ms.
Mono: successfully reloaded assembly
- Completed reload, in  1.045 seconds
Platform modules already initialized, skipping
Refreshing native plugins compatible for Editor in 0.44 ms, found 3 plugins.
Preloading 0 native plugins for Editor in 0.00 ms.
Unloading 1823 Unused Serialized files (Serialized files now loaded: 0)
System memory in use before: 176.8 MB.
System memory in use after: 176.8 MB.

Unloading 29 unused Assets to reduce memory usage. Loaded Objects now: 2487.
Total: 1.882797 ms (FindLiveObjects: 0.175226 ms CreateObjectMapping: 0.062116 ms MarkObjects: 1.541166 ms  DeleteObjects: 0.103398 ms)

========================================================================
Received Prepare
Registering precompiled user dll's ...
Registered in 0.004565 seconds.
Begin MonoManager ReloadAssembly
Native extension for OSXStandalone target not found
Refreshing native plugins compatible for Editor in 0.45 ms, found 3 plugins.
Preloading 0 native plugins for Editor in 0.00 ms.
Mono: successfully reloaded assembly
- Completed reload, in  1.049 seconds
Platform modules already initialized, skipping
Refreshing native plugins compatible for Editor in 0.45 ms, found 3 plugins.
Preloading 0 native plugins for Editor in 0.00 ms.
Unloading 1823 Unused Serialized files (Serialized files now loaded: 0)
System memory in use before: 177.0 MB.
System memory in use after: 176.9 MB.

Unloading 29 unused Assets to reduce memory usage. Loaded Objects now: 2491.
Total: 1.963696 ms (FindLiveObjects: 0.188594 ms CreateObjectMapping: 0.062855 ms MarkObjects: 1.598574 ms  DeleteObjects: 0.112220 ms)

========================================================================
Received Import Request.
  Time since last request: 367.329782 seconds.
  path: Assets/Physics/Bounce.physicsMaterial2D
  artifactKey: Guid(702f0c503e4cf4d8ab26e8690063adb1) Importer(815301076,1909f56bfc062723c751e8b465ee728b)
Start importing Assets/Physics/Bounce.physicsMaterial2D using Guid(702f0c503e4cf4d8ab26e8690063adb1) Importer(815301076,1909f56bfc062723c751e8b465ee728b)  -> (artifact id: '9a2c837db29d20a323d8b3872e36dc0e') in 0.013021 seconds
  Import took 0.016215 seconds .

========================================================================
Received Import Request.
  Time since last request: 4165.922759 seconds.
  path: Assets
  artifactKey: Guid(00000000000000001000000000000000) Importer(815301076,1909f56bfc062723c751e8b465ee728b)
Start importing Assets using Guid(00000000000000001000000000000000) Importer(815301076,1909f56bfc062723c751e8b465ee728b)  -> (artifact id: '5f6a1853b736837ecfb0820a881449cb') in 0.001648 seconds
  Import took 0.004416 seconds .

========================================================================
Received Import Request.
  Time since last request: 6.194100 seconds.
  path: Assets/Prefabs
  artifactKey: Guid(1b7fa6ddbf70b4a6b94c308612bb2a19) Importer(815301076,1909f56bfc062723c751e8b465ee728b)
Start importing Assets/Prefabs using Guid(1b7fa6ddbf70b4a6b94c308612bb2a19) Importer(815301076,1909f56bfc062723c751e8b465ee728b)  -> (artifact id: 'ba981430fc4ddbf74a31cde1e7468ab8') in 0.001390 seconds
  Import took 0.003853 seconds .

========================================================================
Received Import Request.
  Time since last request: 8.746751 seconds.
  path: Assets/Prefabs/mushroomRed.prefab
  artifactKey: Guid(a444b1a552f3244f596dab5096ff8225) Importer(815301076,1909f56bfc062723c751e8b465ee728b)
Start importing Assets/Prefabs/mushroomRed.prefab using Guid(a444b1a552f3244f596dab5096ff8225) Importer(815301076,1909f56bfc062723c751e8b465ee728b)  -> (artifact id: 'f9497b742923ae62876567b575a562fa') in 0.208480 seconds
  Import took 0.211435 seconds .

========================================================================
Received Import Request.
  Time since last request: 13.053435 seconds.
  path: Assets/Scenes/SampleScene.unity
  artifactKey: Guid(2cda990e2423bbf4892e6590ba056729) Importer(815301076,1909f56bfc062723c751e8b465ee728b)
Start importing Assets/Scenes/SampleScene.unity using Guid(2cda990e2423bbf4892e6590ba056729) Importer(815301076,1909f56bfc062723c751e8b465ee728b)  -> (artifact id: '154d4b6eb9c1ceb2695151da64d03b02') in 0.001239 seconds
  Import took 0.003624 seconds .

========================================================================
Received Import Request.
  Time since last request: 31.513812 seconds.
  path: Assets/Prefabs/MushroomRed.prefab
  artifactKey: Guid(a444b1a552f3244f596dab5096ff8225) Importer(815301076,1909f56bfc062723c751e8b465ee728b)
Start importing Assets/Prefabs/MushroomRed.prefab using Guid(a444b1a552f3244f596dab5096ff8225) Importer(815301076,1909f56bfc062723c751e8b465ee728b)  -> (artifact id: '40755e5ae16d6cba3ec293e13b815cf1') in 0.011746 seconds
  Import took 0.014393 seconds .

========================================================================
Received Import Request.
  Time since last request: 4.715268 seconds.
  path: Assets/Prefabs/Mushroom.prefab
  artifactKey: Guid(a444b1a552f3244f596dab5096ff8225) Importer(815301076,1909f56bfc062723c751e8b465ee728b)
Start importing Assets/Prefabs/Mushroom.prefab using Guid(a444b1a552f3244f596dab5096ff8225) Importer(815301076,1909f56bfc062723c751e8b465ee728b)  -> (artifact id: '1960749c15f3eebe51cb824ddf0a7312') in 0.008208 seconds
  Import took 0.010934 seconds .

========================================================================
Received Prepare
Registering precompiled user dll's ...
Registered in 0.004438 seconds.
Begin MonoManager ReloadAssembly
Native extension for OSXStandalone target not found
Refreshing native plugins compatible for Editor in 0.49 ms, found 3 plugins.
Preloading 0 native plugins for Editor in 0.00 ms.
Mono: successfully reloaded assembly
- Completed reload, in  1.058 seconds
Platform modules already initialized, skipping
Refreshing native plugins compatible for Editor in 0.43 ms, found 3 plugins.
Preloading 0 native plugins for Editor in 0.00 ms.
Unloading 1823 Unused Serialized files (Serialized files now loaded: 0)
System memory in use before: 184.9 MB.
System memory in use after: 184.8 MB.

Unloading 29 unused Assets to reduce memory usage. Loaded Objects now: 2502.
Total: 1.948103 ms (FindLiveObjects: 0.200958 ms CreateObjectMapping: 0.071008 ms MarkObjects: 1.564295 ms  DeleteObjects: 0.111083 ms)

========================================================================
Received Prepare
Registering precompiled user dll's ...
Registered in 0.002157 seconds.
Begin MonoManager ReloadAssembly
Native extension for OSXStandalone target not found
Refreshing native plugins compatible for Editor in 0.43 ms, found 3 plugins.
Preloading 0 native plugins for Editor in 0.00 ms.
Mono: successfully reloaded assembly
- Completed reload, in  1.035 seconds
Platform modules already initialized, skipping
Refreshing native plugins compatible for Editor in 0.43 ms, found 3 plugins.
Preloading 0 native plugins for Editor in 0.00 ms.
Unloading 1823 Unused Serialized files (Serialized files now loaded: 0)
System memory in use before: 185.0 MB.
System memory in use after: 185.0 MB.

Unloading 29 unused Assets to reduce memory usage. Loaded Objects now: 2506.
Total: 1.879369 ms (FindLiveObjects: 0.186453 ms CreateObjectMapping: 0.058210 ms MarkObjects: 1.472525 ms  DeleteObjects: 0.161454 ms)

========================================================================
Received Prepare
Registering precompiled user dll's ...
Registered in 0.002022 seconds.
Begin MonoManager ReloadAssembly
Native extension for OSXStandalone target not found
Refreshing native plugins compatible for Editor in 0.45 ms, found 3 plugins.
Preloading 0 native plugins for Editor in 0.00 ms.
Mono: successfully reloaded assembly
- Completed reload, in  1.074 seconds
Platform modules already initialized, skipping
Refreshing native plugins compatible for Editor in 0.45 ms, found 3 plugins.
Preloading 0 native plugins for Editor in 0.00 ms.
Unloading 1823 Unused Serialized files (Serialized files now loaded: 0)
System memory in use before: 185.2 MB.
System memory in use after: 185.2 MB.

Unloading 29 unused Assets to reduce memory usage. Loaded Objects now: 2510.
Total: 3.171309 ms (FindLiveObjects: 0.389473 ms CreateObjectMapping: 0.176119 ms MarkObjects: 2.501767 ms  DeleteObjects: 0.102356 ms)

========================================================================
Received Import Request.
  Time since last request: 149.027700 seconds.
  path: Assets/Physics/Bounce.physicsMaterial2D
  artifactKey: Guid(702f0c503e4cf4d8ab26e8690063adb1) Importer(815301076,1909f56bfc062723c751e8b465ee728b)
Start importing Assets/Physics/Bounce.physicsMaterial2D using Guid(702f0c503e4cf4d8ab26e8690063adb1) Importer(815301076,1909f56bfc062723c751e8b465ee728b)  -> (artifact id: '326b6cc6c2b6cf3fb4eef5167927fcf7') in 0.010578 seconds
  Import took 0.014856 seconds .

========================================================================
Received Import Request.
  Time since last request: 2184.608298 seconds.
  path: Assets/Art/Items/bombFlash.png
  artifactKey: Guid(ce92ed15606a8491bb71433bd5222764) Importer(815301076,1909f56bfc062723c751e8b465ee728b)
Start importing Assets/Art/Items/bombFlash.png using Guid(ce92ed15606a8491bb71433bd5222764) Importer(815301076,1909f56bfc062723c751e8b465ee728b)  -> (artifact id: '3471391e6e3610375e503b585cbebdff') in 0.347002 seconds
  Import took 0.349888 seconds .

========================================================================
Received Prepare
Registering precompiled user dll's ...
Registered in 0.004284 seconds.
Begin MonoManager ReloadAssembly
Native extension for OSXStandalone target not found
Refreshing native plugins compatible for Editor in 0.45 ms, found 3 plugins.
Preloading 0 native plugins for Editor in 0.00 ms.
Mono: successfully reloaded assembly
- Completed reload, in  1.053 seconds
Platform modules already initialized, skipping
Refreshing native plugins compatible for Editor in 0.44 ms, found 3 plugins.
Preloading 0 native plugins for Editor in 0.00 ms.
Unloading 1823 Unused Serialized files (Serialized files now loaded: 0)
System memory in use before: 189.7 MB.
System memory in use after: 189.7 MB.

Unloading 29 unused Assets to reduce memory usage. Loaded Objects now: 2518.
Total: 1.956859 ms (FindLiveObjects: 0.187212 ms CreateObjectMapping: 0.057819 ms MarkObjects: 1.614082 ms  DeleteObjects: 0.097050 ms)

========================================================================
Received Import Request.
  Time since last request: 448.037423 seconds.
  path: Assets/Animation/flyFly1.controller
  artifactKey: Guid(5c0a84a1acd0f4518bb30d1a513897c0) Importer(815301076,1909f56bfc062723c751e8b465ee728b)
Start importing Assets/Animation/flyFly1.controller using Guid(5c0a84a1acd0f4518bb30d1a513897c0) Importer(815301076,1909f56bfc062723c751e8b465ee728b)  -> (artifact id: '884f19ab7caa5e22d1e90848b2401ea9') in 0.013178 seconds
  Import took 0.016044 seconds .

========================================================================
Received Import Request.
  Time since last request: 0.003059 seconds.
  path: Assets/Animation/flyFly1.controller
  artifactKey: Guid(5c0a84a1acd0f4518bb30d1a513897c0) Importer(815301076,1909f56bfc062723c751e8b465ee728b)
Start importing Assets/Animation/flyFly1.controller using Guid(5c0a84a1acd0f4518bb30d1a513897c0) Importer(815301076,1909f56bfc062723c751e8b465ee728b)  -> (artifact id: '884f19ab7caa5e22d1e90848b2401ea9') in 0.003759 seconds
  Import took 0.006293 seconds .

========================================================================
Received Prepare
Registering precompiled user dll's ...
Registered in 0.004192 seconds.
Begin MonoManager ReloadAssembly
Native extension for OSXStandalone target not found
Refreshing native plugins compatible for Editor in 0.44 ms, found 3 plugins.
Preloading 0 native plugins for Editor in 0.00 ms.
Mono: successfully reloaded assembly
- Completed reload, in  1.017 seconds
Platform modules already initialized, skipping
Refreshing native plugins compatible for Editor in 0.39 ms, found 3 plugins.
Preloading 0 native plugins for Editor in 0.00 ms.
Unloading 1824 Unused Serialized files (Serialized files now loaded: 0)
System memory in use before: 190.0 MB.
System memory in use after: 190.0 MB.

Unloading 29 unused Assets to reduce memory usage. Loaded Objects now: 2523.
Total: 3.051970 ms (FindLiveObjects: 0.367002 ms CreateObjectMapping: 0.153062 ms MarkObjects: 2.440121 ms  DeleteObjects: 0.090459 ms)

========================================================================
Received Prepare
Registering precompiled user dll's ...
Registered in 0.004444 seconds.
Begin MonoManager ReloadAssembly
Native extension for OSXStandalone target not found
Refreshing native plugins compatible for Editor in 0.47 ms, found 3 plugins.
Preloading 0 native plugins for Editor in 0.00 ms.
Mono: successfully reloaded assembly
- Completed reload, in  1.112 seconds
Platform modules already initialized, skipping
Refreshing native plugins compatible for Editor in 0.44 ms, found 3 plugins.
Preloading 0 native plugins for Editor in 0.00 ms.
Unloading 1824 Unused Serialized files (Serialized files now loaded: 0)
System memory in use before: 190.2 MB.
System memory in use after: 190.1 MB.

Unloading 29 unused Assets to reduce memory usage. Loaded Objects now: 2527.
Total: 3.906184 ms (FindLiveObjects: 0.388100 ms CreateObjectMapping: 0.155231 ms MarkObjects: 3.263775 ms  DeleteObjects: 0.097441 ms)

========================================================================
Received Prepare
Registering precompiled user dll's ...
Registered in 0.004798 seconds.
Begin MonoManager ReloadAssembly
Native extension for OSXStandalone target not found
Refreshing native plugins compatible for Editor in 0.48 ms, found 3 plugins.
Preloading 0 native plugins for Editor in 0.00 ms.
Mono: successfully reloaded assembly
- Completed reload, in  1.037 seconds
Platform modules already initialized, skipping
Refreshing native plugins compatible for Editor in 0.44 ms, found 3 plugins.
Preloading 0 native plugins for Editor in 0.00 ms.
Unloading 1824 Unused Serialized files (Serialized files now loaded: 0)
System memory in use before: 190.4 MB.
System memory in use after: 190.3 MB.

Unloading 29 unused Assets to reduce memory usage. Loaded Objects now: 2531.
Total: 2.380334 ms (FindLiveObjects: 0.495212 ms CreateObjectMapping: 0.163140 ms MarkObjects: 1.620348 ms  DeleteObjects: 0.100067 ms)

========================================================================
Received Prepare
Registering precompiled user dll's ...
Registered in 0.004597 seconds.
Begin MonoManager ReloadAssembly
Native extension for OSXStandalone target not found
Refreshing native plugins compatible for Editor in 0.43 ms, found 3 plugins.
Preloading 0 native plugins for Editor in 0.00 ms.
Mono: successfully reloaded assembly
- Completed reload, in  1.012 seconds
Platform modules already initialized, skipping
Refreshing native plugins compatible for Editor in 0.43 ms, found 3 plugins.
Preloading 0 native plugins for Editor in 0.00 ms.
Unloading 1824 Unused Serialized files (Serialized files now loaded: 0)
System memory in use before: 190.5 MB.
System memory in use after: 190.5 MB.

Unloading 29 unused Assets to reduce memory usage. Loaded Objects now: 2535.
Total: 1.813851 ms (FindLiveObjects: 0.197332 ms CreateObjectMapping: 0.064277 ms MarkObjects: 1.454883 ms  DeleteObjects: 0.096237 ms)

========================================================================
Received Prepare
Registering precompiled user dll's ...
Registered in 0.002142 seconds.
Begin MonoManager ReloadAssembly
Native extension for OSXStandalone target not found
Refreshing native plugins compatible for Editor in 0.46 ms, found 3 plugins.
Preloading 0 native plugins for Editor in 0.00 ms.
Mono: successfully reloaded assembly
- Completed reload, in  1.060 seconds
Platform modules already initialized, skipping
Refreshing native plugins compatible for Editor in 0.42 ms, found 3 plugins.
Preloading 0 native plugins for Editor in 0.00 ms.
Unloading 1824 Unused Serialized files (Serialized files now loaded: 0)
System memory in use before: 190.7 MB.
System memory in use after: 190.7 MB.

Unloading 29 unused Assets to reduce memory usage. Loaded Objects now: 2539.
Total: 1.778175 ms (FindLiveObjects: 0.183034 ms CreateObjectMapping: 0.063063 ms MarkObjects: 1.440525 ms  DeleteObjects: 0.090740 ms)

========================================================================
Received Prepare
Registering precompiled user dll's ...
Registered in 0.002083 seconds.
Begin MonoManager ReloadAssembly
Native extension for OSXStandalone target not found
Refreshing native plugins compatible for Editor in 0.44 ms, found 3 plugins.
Preloading 0 native plugins for Editor in 0.00 ms.
Mono: successfully reloaded assembly
- Completed reload, in  1.034 seconds
Platform modules already initialized, skipping
Refreshing native plugins compatible for Editor in 0.43 ms, found 3 plugins.
Preloading 0 native plugins for Editor in 0.00 ms.
Unloading 1824 Unused Serialized files (Serialized files now loaded: 0)
System memory in use before: 191.0 MB.
System memory in use after: 190.9 MB.

Unloading 29 unused Assets to reduce memory usage. Loaded Objects now: 2543.
Total: 1.816562 ms (FindLiveObjects: 0.185990 ms CreateObjectMapping: 0.061078 ms MarkObjects: 1.466624 ms  DeleteObjects: 0.101931 ms)

========================================================================
Received Prepare
Registering precompiled user dll's ...
Registered in 0.002041 seconds.
Begin MonoManager ReloadAssembly
Native extension for OSXStandalone target not found
Refreshing native plugins compatible for Editor in 0.46 ms, found 3 plugins.
Preloading 0 native plugins for Editor in 0.00 ms.
Mono: successfully reloaded assembly
- Completed reload, in  1.060 seconds
Platform modules already initialized, skipping
Refreshing native plugins compatible for Editor in 0.44 ms, found 3 plugins.
Preloading 0 native plugins for Editor in 0.00 ms.
Unloading 1824 Unused Serialized files (Serialized files now loaded: 0)
System memory in use before: 191.2 MB.
System memory in use after: 191.1 MB.

Unloading 29 unused Assets to reduce memory usage. Loaded Objects now: 2547.
Total: 1.941445 ms (FindLiveObjects: 0.193053 ms CreateObjectMapping: 0.066366 ms MarkObjects: 1.578718 ms  DeleteObjects: 0.102481 ms)

========================================================================
Received Prepare
Registering precompiled user dll's ...
Registered in 0.003826 seconds.
Begin MonoManager ReloadAssembly
Native extension for OSXStandalone target not found
Refreshing native plugins compatible for Editor in 0.53 ms, found 3 plugins.
Preloading 0 native plugins for Editor in 0.00 ms.
Mono: successfully reloaded assembly
- Completed reload, in  1.059 seconds
Platform modules already initialized, skipping
Refreshing native plugins compatible for Editor in 0.57 ms, found 3 plugins.
Preloading 0 native plugins for Editor in 0.00 ms.
Unloading 1824 Unused Serialized files (Serialized files now loaded: 0)
System memory in use before: 191.3 MB.
System memory in use after: 191.3 MB.

Unloading 29 unused Assets to reduce memory usage. Loaded Objects now: 2551.
Total: 1.926438 ms (FindLiveObjects: 0.191846 ms CreateObjectMapping: 0.065496 ms MarkObjects: 1.561057 ms  DeleteObjects: 0.106850 ms)

========================================================================
Received Prepare
Registering precompiled user dll's ...
Registered in 0.002449 seconds.
Begin MonoManager ReloadAssembly
Native extension for OSXStandalone target not found
Refreshing native plugins compatible for Editor in 0.44 ms, found 3 plugins.
Preloading 0 native plugins for Editor in 0.00 ms.
Mono: successfully reloaded assembly
- Completed reload, in  1.038 seconds
Platform modules already initialized, skipping
Refreshing native plugins compatible for Editor in 0.48 ms, found 3 plugins.
Preloading 0 native plugins for Editor in 0.00 ms.
Unloading 1824 Unused Serialized files (Serialized files now loaded: 0)
System memory in use before: 191.5 MB.
System memory in use after: 191.5 MB.

Unloading 29 unused Assets to reduce memory usage. Loaded Objects now: 2555.
Total: 1.935181 ms (FindLiveObjects: 0.201688 ms CreateObjectMapping: 0.060784 ms MarkObjects: 1.571515 ms  DeleteObjects: 0.100437 ms)

========================================================================
Received Prepare
Registering precompiled user dll's ...
Registered in 0.002097 seconds.
Begin MonoManager ReloadAssembly
Native extension for OSXStandalone target not found
Refreshing native plugins compatible for Editor in 0.45 ms, found 3 plugins.
Preloading 0 native plugins for Editor in 0.00 ms.
Mono: successfully reloaded assembly
- Completed reload, in  1.035 seconds
Platform modules already initialized, skipping
Refreshing native plugins compatible for Editor in 0.42 ms, found 3 plugins.
Preloading 0 native plugins for Editor in 0.00 ms.
Unloading 1824 Unused Serialized files (Serialized files now loaded: 0)
System memory in use before: 191.7 MB.
System memory in use after: 191.7 MB.

Unloading 29 unused Assets to reduce memory usage. Loaded Objects now: 2559.
Total: 1.756305 ms (FindLiveObjects: 0.175322 ms CreateObjectMapping: 0.060435 ms MarkObjects: 1.431231 ms  DeleteObjects: 0.088625 ms)

========================================================================
Received Prepare
Registering precompiled user dll's ...
Registered in 0.002025 seconds.
Begin MonoManager ReloadAssembly
Native extension for OSXStandalone target not found
Refreshing native plugins compatible for Editor in 0.44 ms, found 3 plugins.
Preloading 0 native plugins for Editor in 0.00 ms.
Mono: successfully reloaded assembly
- Completed reload, in  1.046 seconds
Platform modules already initialized, skipping
Refreshing native plugins compatible for Editor in 0.42 ms, found 3 plugins.
Preloading 0 native plugins for Editor in 0.00 ms.
Unloading 1824 Unused Serialized files (Serialized files now loaded: 0)
System memory in use before: 191.9 MB.
System memory in use after: 191.9 MB.

Unloading 29 unused Assets to reduce memory usage. Loaded Objects now: 2563.
Total: 1.914372 ms (FindLiveObjects: 0.200473 ms CreateObjectMapping: 0.064709 ms MarkObjects: 1.552678 ms  DeleteObjects: 0.095759 ms)

========================================================================
Received Prepare
Registering precompiled user dll's ...
Registered in 0.002054 seconds.
Begin MonoManager ReloadAssembly
Native extension for OSXStandalone target not found
Refreshing native plugins compatible for Editor in 0.43 ms, found 3 plugins.
Preloading 0 native plugins for Editor in 0.00 ms.
Mono: successfully reloaded assembly
- Completed reload, in  1.035 seconds
Platform modules already initialized, skipping
Refreshing native plugins compatible for Editor in 0.44 ms, found 3 plugins.
Preloading 0 native plugins for Editor in 0.00 ms.
Unloading 1824 Unused Serialized files (Serialized files now loaded: 0)
System memory in use before: 192.1 MB.
System memory in use after: 192.1 MB.

Unloading 29 unused Assets to reduce memory usage. Loaded Objects now: 2567.
Total: 1.900806 ms (FindLiveObjects: 0.203507 ms CreateObjectMapping: 0.061942 ms MarkObjects: 1.530460 ms  DeleteObjects: 0.104161 ms)

========================================================================
Received Prepare
Registering precompiled user dll's ...
Registered in 0.002222 seconds.
Begin MonoManager ReloadAssembly
Native extension for OSXStandalone target not found
Refreshing native plugins compatible for Editor in 0.47 ms, found 3 plugins.
Preloading 0 native plugins for Editor in 0.00 ms.
Mono: successfully reloaded assembly
- Completed reload, in  1.095 seconds
Platform modules already initialized, skipping
Refreshing native plugins compatible for Editor in 0.45 ms, found 3 plugins.
Preloading 0 native plugins for Editor in 0.00 ms.
Unloading 1824 Unused Serialized files (Serialized files now loaded: 0)
System memory in use before: 192.3 MB.
System memory in use after: 192.3 MB.

Unloading 29 unused Assets to reduce memory usage. Loaded Objects now: 2571.
Total: 1.925273 ms (FindLiveObjects: 0.195642 ms CreateObjectMapping: 0.060837 ms MarkObjects: 1.569486 ms  DeleteObjects: 0.098290 ms)

========================================================================
Received Prepare
Registering precompiled user dll's ...
Registered in 0.002096 seconds.
Begin MonoManager ReloadAssembly
Native extension for OSXStandalone target not found
Refreshing native plugins compatible for Editor in 0.46 ms, found 3 plugins.
Preloading 0 native plugins for Editor in 0.00 ms.
Mono: successfully reloaded assembly
- Completed reload, in  1.064 seconds
Platform modules already initialized, skipping
Refreshing native plugins compatible for Editor in 0.43 ms, found 3 plugins.
Preloading 0 native plugins for Editor in 0.00 ms.
Unloading 1824 Unused Serialized files (Serialized files now loaded: 0)
System memory in use before: 192.5 MB.
System memory in use after: 192.5 MB.

Unloading 29 unused Assets to reduce memory usage. Loaded Objects now: 2575.
Total: 1.852089 ms (FindLiveObjects: 0.182141 ms CreateObjectMapping: 0.060224 ms MarkObjects: 1.509985 ms  DeleteObjects: 0.099169 ms)

========================================================================
Received Import Request.
  Time since last request: 10331.319936 seconds.
  path: Assets/Animation/flyFly1.controller
  artifactKey: Guid(5c0a84a1acd0f4518bb30d1a513897c0) Importer(815301076,1909f56bfc062723c751e8b465ee728b)
Start importing Assets/Animation/flyFly1.controller using Guid(5c0a84a1acd0f4518bb30d1a513897c0) Importer(815301076,1909f56bfc062723c751e8b465ee728b)  -> (artifact id: '0ad8f05dda78cddda81e726ee49d3caa') in 0.014827 seconds
  Import took 0.017756 seconds .

========================================================================
Received Import Request.
  Time since last request: 2.658227 seconds.
  path: Assets/Scenes/SampleScene.unity
  artifactKey: Guid(2cda990e2423bbf4892e6590ba056729) Importer(815301076,1909f56bfc062723c751e8b465ee728b)
Start importing Assets/Scenes/SampleScene.unity using Guid(2cda990e2423bbf4892e6590ba056729) Importer(815301076,1909f56bfc062723c751e8b465ee728b)  -> (artifact id: 'd98edea7db57ed25035638ce388745ae') in 0.001044 seconds
  Import took 0.003558 seconds .

